Determining if the pthread_create exist failed with the following output:
Change Dir: /data/limingyao/work/slam/dsm/cmake/CMakeFiles/CMakeTmp

Run Build Command:"/usr/bin/make" "cmTC_48340/fast"
/usr/bin/make -f CMakeFiles/cmTC_48340.dir/build.make CMakeFiles/cmTC_48340.dir/build
make[1]: Entering directory '/data/limingyao/work/slam/dsm/cmake/CMakeFiles/CMakeTmp'
Building C object CMakeFiles/cmTC_48340.dir/CheckSymbolExists.c.o
/usr/bin/cc    -fPIC    -o CMakeFiles/cmTC_48340.dir/CheckSymbolExists.c.o   -c /data/limingyao/work/slam/dsm/cmake/CMakeFiles/CMakeTmp/CheckSymbolExists.c
Linking C executable cmTC_48340
/usr/bin/cmake -E cmake_link_script CMakeFiles/cmTC_48340.dir/link.txt --verbose=1
/usr/bin/cc  -fPIC     CMakeFiles/cmTC_48340.dir/CheckSymbolExists.c.o  -o cmTC_48340 
CMakeFiles/cmTC_48340.dir/CheckSymbolExists.c.o: In function `main':
CheckSymbolExists.c:(.text+0x1b): undefined reference to `pthread_create'
collect2: error: ld returned 1 exit status
CMakeFiles/cmTC_48340.dir/build.make:97: recipe for target 'cmTC_48340' failed
make[1]: *** [cmTC_48340] Error 1
make[1]: Leaving directory '/data/limingyao/work/slam/dsm/cmake/CMakeFiles/CMakeTmp'
Makefile:126: recipe for target 'cmTC_48340/fast' failed
make: *** [cmTC_48340/fast] Error 2

File /data/limingyao/work/slam/dsm/cmake/CMakeFiles/CMakeTmp/CheckSymbolExists.c:
/* */
#include <pthread.h>

int main(int argc, char** argv)
{
  (void)argv;
#ifndef pthread_create
  return ((int*)(&pthread_create))[argc];
#else
  (void)argc;
  return 0;
#endif
}

Determining if the function pthread_create exists in the pthreads failed with the following output:
Change Dir: /data/limingyao/work/slam/dsm/cmake/CMakeFiles/CMakeTmp

Run Build Command:"/usr/bin/make" "cmTC_b75fd/fast"
/usr/bin/make -f CMakeFiles/cmTC_b75fd.dir/build.make CMakeFiles/cmTC_b75fd.dir/build
make[1]: Entering directory '/data/limingyao/work/slam/dsm/cmake/CMakeFiles/CMakeTmp'
Building C object CMakeFiles/cmTC_b75fd.dir/CheckFunctionExists.c.o
/usr/bin/cc    -fPIC -DCHECK_FUNCTION_EXISTS=pthread_create   -o CMakeFiles/cmTC_b75fd.dir/CheckFunctionExists.c.o   -c /usr/share/cmake-3.5/Modules/CheckFunctionExists.c
Linking C executable cmTC_b75fd
/usr/bin/cmake -E cmake_link_script CMakeFiles/cmTC_b75fd.dir/link.txt --verbose=1
/usr/bin/cc  -fPIC -DCHECK_FUNCTION_EXISTS=pthread_create    CMakeFiles/cmTC_b75fd.dir/CheckFunctionExists.c.o  -o cmTC_b75fd -lpthreads 
/usr/bin/ld: cannot find -lpthreads
collect2: error: ld returned 1 exit status
CMakeFiles/cmTC_b75fd.dir/build.make:97: recipe for target 'cmTC_b75fd' failed
make[1]: *** [cmTC_b75fd] Error 1
make[1]: Leaving directory '/data/limingyao/work/slam/dsm/cmake/CMakeFiles/CMakeTmp'
Makefile:126: recipe for target 'cmTC_b75fd/fast' failed
make: *** [cmTC_b75fd/fast] Error 2


